d:\another\учеба 3 курс 2 семестр\методы проги\new labs\1lab\1laboop\1lab\debug\vc142.pdb
d:\another\учеба 3 курс 2 семестр\методы проги\new labs\1lab\1laboop\1lab\debug\vc142.idb
d:\another\учеба 3 курс 2 семестр\методы проги\new labs\1lab\1laboop\1lab\debug\train_out_data.obj
d:\another\учеба 3 курс 2 семестр\методы проги\new labs\1lab\1laboop\1lab\debug\train_in_data.obj
d:\another\учеба 3 курс 2 семестр\методы проги\new labs\1lab\1laboop\1lab\debug\airplane_out_data.obj
d:\another\учеба 3 курс 2 семестр\методы проги\new labs\1lab\1laboop\1lab\debug\airplane_in_data.obj
d:\another\учеба 3 курс 2 семестр\методы проги\new labs\1lab\1laboop\1lab\debug\out_container.obj
d:\another\учеба 3 курс 2 семестр\методы проги\new labs\1lab\1laboop\1lab\debug\in_transport.obj
d:\another\учеба 3 курс 2 семестр\методы проги\new labs\1lab\1laboop\1lab\debug\in_container.obj
d:\another\учеба 3 курс 2 семестр\методы проги\new labs\1lab\1laboop\1lab\debug\init_container.obj
d:\another\учеба 3 курс 2 семестр\методы проги\new labs\1lab\1laboop\1lab\debug\get_speed.obj
d:\another\учеба 3 курс 2 семестр\методы проги\new labs\1lab\1laboop\1lab\debug\get_distance.obj
d:\another\учеба 3 курс 2 семестр\методы проги\new labs\1lab\1laboop\1lab\debug\clear_container.obj
d:\another\учеба 3 курс 2 семестр\методы проги\new labs\1lab\1laboop\1lab\debug\1lab.obj
d:\another\учеба 3 курс 2 семестр\методы проги\new labs\1lab\1laboop\1lab\debug\out_only_airplane_transport.obj
d:\another\учеба 3 курс 2 семестр\методы проги\new labs\1lab\1laboop\1lab\debug\out_only_airplane_container.obj
d:\another\учеба 3 курс 2 семестр\методы проги\new labs\1lab\1laboop\1lab\debug\out_only_airplane.obj
d:\another\учеба 3 курс 2 семестр\методы проги\new labs\1lab\1laboop\1lab\debug\travel_time.obj
d:\another\учеба 3 курс 2 семестр\методы проги\new labs\1lab\1laboop\1lab\debug\sort.obj
d:\another\учеба 3 курс 2 семестр\методы проги\new labs\1lab\1laboop\1lab\debug\ship_out_data.obj
d:\another\учеба 3 курс 2 семестр\методы проги\new labs\1lab\1laboop\1lab\debug\ship_in_data.obj
d:\another\учеба 3 курс 2 семестр\методы проги\new labs\1lab\1laboop\1lab\debug\get_cargo_weight.obj
d:\another\учеба 3 курс 2 семестр\методы проги\new labs\1lab\1laboop\1lab\debug\compare.obj
d:\another\учеба 3 курс 2 семестр\методы проги\new labs\1lab\1laboop\1lab\debug\transport_travel_time.obj
d:\another\учеба 3 курс 2 семестр\методы проги\new labs\1lab\1laboop\1lab\debug\ship_travel_time.obj
d:\another\учеба 3 курс 2 семестр\методы проги\new labs\1lab\1laboop\1lab\debug\airplane_travel_time.obj
d:\another\учеба 3 курс 2 семестр\методы проги\new labs\1lab\1laboop\debug\1lab.ilk
d:\another\учеба 3 курс 2 семестр\методы проги\new labs\1lab\1laboop\debug\1lab.exe
d:\another\учеба 3 курс 2 семестр\методы проги\new labs\1lab\1laboop\debug\1lab.pdb
d:\another\учеба 3 курс 2 семестр\методы проги\new labs\1lab\1laboop\1lab\debug\train_travel_time.obj
d:\another\учеба 3 курс 2 семестр\методы проги\new labs\1lab\1laboop\1lab\debug\1lab.tlog\cl.command.1.tlog
d:\another\учеба 3 курс 2 семестр\методы проги\new labs\1lab\1laboop\1lab\debug\1lab.tlog\cl.read.1.tlog
d:\another\учеба 3 курс 2 семестр\методы проги\new labs\1lab\1laboop\1lab\debug\1lab.tlog\cl.write.1.tlog
d:\another\учеба 3 курс 2 семестр\методы проги\new labs\1lab\1laboop\1lab\debug\1lab.tlog\link.20704-cvtres.read.1.tlog
d:\another\учеба 3 курс 2 семестр\методы проги\new labs\1lab\1laboop\1lab\debug\1lab.tlog\link.20704-cvtres.write.1.tlog
d:\another\учеба 3 курс 2 семестр\методы проги\new labs\1lab\1laboop\1lab\debug\1lab.tlog\link.20704-rc.read.1.tlog
d:\another\учеба 3 курс 2 семестр\методы проги\new labs\1lab\1laboop\1lab\debug\1lab.tlog\link.20704-rc.write.1.tlog
d:\another\учеба 3 курс 2 семестр\методы проги\new labs\1lab\1laboop\1lab\debug\1lab.tlog\link.20704.read.1.tlog
d:\another\учеба 3 курс 2 семестр\методы проги\new labs\1lab\1laboop\1lab\debug\1lab.tlog\link.20704.write.1.tlog
d:\another\учеба 3 курс 2 семестр\методы проги\new labs\1lab\1laboop\1lab\debug\1lab.tlog\link.command.1.tlog
d:\another\учеба 3 курс 2 семестр\методы проги\new labs\1lab\1laboop\1lab\debug\1lab.tlog\link.read.1.tlog
d:\another\учеба 3 курс 2 семестр\методы проги\new labs\1lab\1laboop\1lab\debug\1lab.tlog\link.write.1.tlog
